<?xml version="1.0" encoding="UTF-8"?>
<testng-results skipped="0" failed="0" ignored="0" total="1" passed="1">
  <reporter-output>
  </reporter-output>
  <suite name="Default suite" duration-ms="13846" started-at="2020-04-20T22:41:33 IST" finished-at="2020-04-20T22:41:47 IST">
    <groups>
    </groups>
    <test name="Default test" duration-ms="13846" started-at="2020-04-20T22:41:33 IST" finished-at="2020-04-20T22:41:47 IST">
      <class name="ngpackage.TestSnapshot">
        <test-method status="PASS" signature="testGuru99TakeScreenShot()[pri:0, instance:ngpackage.TestSnapshot@67784306]" name="testGuru99TakeScreenShot" duration-ms="13727" started-at="2020-04-20T22:41:33 IST" finished-at="2020-04-20T22:41:47 IST">
          <reporter-output>
          </reporter-output>
        </test-method> <!-- testGuru99TakeScreenShot -->
      </class> <!-- ngpackage.TestSnapshot -->
    </test> <!-- Default test -->
  </suite> <!-- Default suite -->
</testng-results>
